<?xml version="1.0" encoding="UTF-8"?>
<!-- Generated by org.testng.reporters.JUnitXMLReporter -->
<testsuite ignored="0" hostname="T10-LT-0610" failures="5" tests="6" name="Tests for card validation" time="0.085" errors="0" timestamp="2020-11-09T14:06:10 GMT">
  <testcase classname="uk.co.argos.interview.service.CardNumberValidationServiceTest" name="testisNumeric" time="0.009"/>
  <testcase classname="uk.co.argos.interview.service.CardNumberValidationServiceTest" name="testisNumeric" time="0.001">
    <failure type="java.lang.AssertionError">
      <![CDATA[java.lang.AssertionError
at org.junit.Assert.fail(Assert.java:86)
at org.junit.Assert.assertTrue(Assert.java:41)
at org.junit.Assert.assertTrue(Assert.java:52)
at uk.co.argos.interview.service.CardNumberValidationServiceTest.testisNumeric(CardNumberValidationServiceTest.java:24)
at java.base/java.util.ArrayList.forEach(ArrayList.java:1510)
... Removed 27 stack frames]]>
    </failure>
  </testcase> <!-- testisNumeric -->
  <testcase classname="uk.co.argos.interview.service.CardNumberValidationServiceTest" name="testisNumeric" time="0.001">
    <failure type="java.lang.AssertionError">
      <![CDATA[java.lang.AssertionError
at org.junit.Assert.fail(Assert.java:86)
at org.junit.Assert.assertTrue(Assert.java:41)
at org.junit.Assert.assertTrue(Assert.java:52)
at uk.co.argos.interview.service.CardNumberValidationServiceTest.testisNumeric(CardNumberValidationServiceTest.java:24)
at java.base/java.util.ArrayList.forEach(ArrayList.java:1510)
... Removed 27 stack frames]]>
    </failure>
  </testcase> <!-- testisNumeric -->
  <testcase classname="uk.co.argos.interview.service.CardNumberValidationServiceTest" name="testisNumeric" time="0.001">
    <failure type="java.lang.AssertionError">
      <![CDATA[java.lang.AssertionError
at org.junit.Assert.fail(Assert.java:86)
at org.junit.Assert.assertTrue(Assert.java:41)
at org.junit.Assert.assertTrue(Assert.java:52)
at uk.co.argos.interview.service.CardNumberValidationServiceTest.testisNumeric(CardNumberValidationServiceTest.java:24)
at java.base/java.util.ArrayList.forEach(ArrayList.java:1510)
... Removed 27 stack frames]]>
    </failure>
  </testcase> <!-- testisNumeric -->
  <testcase classname="uk.co.argos.interview.service.CardNumberValidationServiceTest" name="testisNumeric" time="0.006">
    <failure type="java.lang.AssertionError">
      <![CDATA[java.lang.AssertionError
at org.junit.Assert.fail(Assert.java:86)
at org.junit.Assert.assertTrue(Assert.java:41)
at org.junit.Assert.assertTrue(Assert.java:52)
at uk.co.argos.interview.service.CardNumberValidationServiceTest.testisNumeric(CardNumberValidationServiceTest.java:24)
at java.base/java.util.ArrayList.forEach(ArrayList.java:1510)
... Removed 27 stack frames]]>
    </failure>
  </testcase> <!-- testisNumeric -->
  <testcase classname="uk.co.argos.interview.service.CardNumberValidationServiceTest" name="testisNumeric" time="0.002">
    <failure type="java.lang.AssertionError">
      <![CDATA[java.lang.AssertionError
at org.junit.Assert.fail(Assert.java:86)
at org.junit.Assert.assertTrue(Assert.java:41)
at org.junit.Assert.assertTrue(Assert.java:52)
at uk.co.argos.interview.service.CardNumberValidationServiceTest.testisNumeric(CardNumberValidationServiceTest.java:24)
at java.base/java.util.ArrayList.forEach(ArrayList.java:1510)
... Removed 27 stack frames]]>
    </failure>
  </testcase> <!-- testisNumeric -->
</testsuite> <!-- Tests for card validation -->
